<?xml version="1.0" encoding="UTF-8"?>
<!-- Generated by org.testng.reporters.JUnitXMLReporter -->
<testsuite hostname="DESKTOP-2VNU09Q" ignored="0" name="BrowserStack Test - egde" tests="3" failures="0" timestamp="2025-04-08T01:10:00 IST" time="29.392" errors="0">
  <testcase name="filllogindetails" time="0.005" classname="com.php.tetcases.LoginPageTest"/>
  <testcase name="filllogindetails" time="0.001" classname="com.php.tetcases.LoginPageTest"/>
  <testcase name="pageTitleTest" time="0.011" classname="com.php.tetcases.LoginPageTest"/>
</testsuite> <!-- BrowserStack Test - egde -->
