<?xml version="1.0" encoding="UTF-8"?>
<testng-results skipped="0" failed="0" ignored="0" total="1" passed="1">
  <reporter-output>
  </reporter-output>
  <suite name="Suite" duration-ms="10626" started-at="2022-10-10T13:55:35Z" finished-at="2022-10-10T13:55:46Z">
    <groups>
    </groups>
    <test name="BrowserStack Test - egde" duration-ms="10626" started-at="2022-10-10T13:55:35Z" finished-at="2022-10-10T13:55:46Z">
      <class name="com.php.tetcases.LoginPageTest">
        <test-method status="PASS" signature="setup()[pri:0, instance:com.php.tetcases.LoginPageTest@1ca92b9]" name="setup" is-config="true" duration-ms="9571" started-at="2022-10-10T13:55:36Z" finished-at="2022-10-10T13:55:45Z">
          <reporter-output>
          </reporter-output>
        </test-method> <!-- setup -->
        <test-method status="PASS" signature="pageTitleTest()[pri:1, instance:com.php.tetcases.LoginPageTest@1ca92b9]" name="pageTitleTest" duration-ms="30" started-at="2022-10-10T13:55:45Z" finished-at="2022-10-10T13:55:45Z">
          <reporter-output>
          </reporter-output>
        </test-method> <!-- pageTitleTest -->
        <test-method status="PASS" signature="teardown()[pri:0, instance:com.php.tetcases.LoginPageTest@1ca92b9]" name="teardown" is-config="true" duration-ms="987" started-at="2022-10-10T13:55:45Z" finished-at="2022-10-10T13:55:46Z">
          <reporter-output>
          </reporter-output>
        </test-method> <!-- teardown -->
      </class> <!-- com.php.tetcases.LoginPageTest -->
    </test> <!-- BrowserStack Test - egde -->
  </suite> <!-- Suite -->
</testng-results>
