<?xml version="1.0" encoding="UTF-8"?>
<testng-results skipped="0" failed="0" ignored="0" total="3" passed="3">
  <reporter-output>
  </reporter-output>
  <suite name="Suite" duration-ms="29392" started-at="2025-04-08T01:09:31 IST" finished-at="2025-04-08T01:10:00 IST">
    <groups>
    </groups>
    <test name="BrowserStack Test - egde" duration-ms="29392" started-at="2025-04-08T01:09:31 IST" finished-at="2025-04-08T01:10:00 IST">
      <class name="com.php.tetcases.LoginPageTest">
        <test-method status="PASS" signature="setup()[pri:0, instance:com.php.tetcases.LoginPageTest@12cdcf4]" name="setup" is-config="true" duration-ms="8401" started-at="2025-04-08T01:09:31 IST" finished-at="2025-04-08T01:09:39 IST">
          <reporter-output>
          </reporter-output>
        </test-method> <!-- setup -->
        <test-method status="PASS" signature="filllogindetails(java.lang.String,java.lang.String)[pri:0, instance:com.php.tetcases.LoginPageTest@12cdcf4]" name="filllogindetails" duration-ms="5" started-at="2025-04-08T01:09:39 IST" data-provider="logindata" finished-at="2025-04-08T01:09:39 IST">
          <params>
            <param index="0">
              <value>
                <![CDATA[user1]]>
              </value>
            </param>
            <param index="1">
              <value>
                <![CDATA[password1]]>
              </value>
            </param>
          </params>
          <reporter-output>
          </reporter-output>
        </test-method> <!-- filllogindetails -->
        <test-method status="PASS" signature="teardown()[pri:0, instance:com.php.tetcases.LoginPageTest@12cdcf4]" name="teardown" is-config="true" duration-ms="886" started-at="2025-04-08T01:09:39 IST" finished-at="2025-04-08T01:09:40 IST">
          <reporter-output>
          </reporter-output>
        </test-method> <!-- teardown -->
        <test-method status="PASS" signature="setup()[pri:0, instance:com.php.tetcases.LoginPageTest@12cdcf4]" name="setup" is-config="true" duration-ms="8872" started-at="2025-04-08T01:09:40 IST" finished-at="2025-04-08T01:09:49 IST">
          <reporter-output>
          </reporter-output>
        </test-method> <!-- setup -->
        <test-method status="PASS" signature="filllogindetails(java.lang.String,java.lang.String)[pri:0, instance:com.php.tetcases.LoginPageTest@12cdcf4]" name="filllogindetails" duration-ms="1" started-at="2025-04-08T01:09:49 IST" data-provider="logindata" finished-at="2025-04-08T01:09:49 IST">
          <params>
            <param index="0">
              <value>
                <![CDATA[user2]]>
              </value>
            </param>
            <param index="1">
              <value>
                <![CDATA[password2]]>
              </value>
            </param>
          </params>
          <reporter-output>
          </reporter-output>
        </test-method> <!-- filllogindetails -->
        <test-method status="PASS" signature="teardown()[pri:0, instance:com.php.tetcases.LoginPageTest@12cdcf4]" name="teardown" is-config="true" duration-ms="733" started-at="2025-04-08T01:09:49 IST" finished-at="2025-04-08T01:09:50 IST">
          <reporter-output>
          </reporter-output>
        </test-method> <!-- teardown -->
        <test-method status="PASS" signature="setup()[pri:0, instance:com.php.tetcases.LoginPageTest@12cdcf4]" name="setup" is-config="true" duration-ms="9728" started-at="2025-04-08T01:09:50 IST" finished-at="2025-04-08T01:10:00 IST">
          <reporter-output>
          </reporter-output>
        </test-method> <!-- setup -->
        <test-method status="PASS" signature="pageTitleTest()[pri:1, instance:com.php.tetcases.LoginPageTest@12cdcf4]" name="pageTitleTest" duration-ms="11" started-at="2025-04-08T01:10:00 IST" finished-at="2025-04-08T01:10:00 IST">
          <reporter-output>
          </reporter-output>
        </test-method> <!-- pageTitleTest -->
        <test-method status="PASS" signature="teardown()[pri:0, instance:com.php.tetcases.LoginPageTest@12cdcf4]" name="teardown" is-config="true" duration-ms="718" started-at="2025-04-08T01:10:00 IST" finished-at="2025-04-08T01:10:00 IST">
          <reporter-output>
          </reporter-output>
        </test-method> <!-- teardown -->
      </class> <!-- com.php.tetcases.LoginPageTest -->
    </test> <!-- BrowserStack Test - egde -->
  </suite> <!-- Suite -->
</testng-results>
